<?xml version="1.0" encoding="UTF-8"?>
<!-- Generated by org.testng.reporters.JUnitReportReporter -->
<testsuite skipped="0" hostname="pc-PC" name="cts.testng.practise.ExtentReportDemo" tests="1" failures="0" timestamp="2020-03-28T13:08:15 IST" time="4.732" errors="0">
  <testcase name="loginTest" time="4.732" classname="cts.testng.practise.ExtentReportDemo"/>
  <system-out/>
</testsuite> <!-- cts.testng.practise.ExtentReportDemo -->
